<?xml version="1.0" encoding="UTF-8"?>
<!-- Generated by org.testng.reporters.JUnitXMLReporter -->
<testsuite ignored="3" hostname="DESKTOP-HOFS7QA" failures="0" tests="3" name="GroupsNewTest" time="0.095" errors="0" timestamp="2023-10-28T15:55:53 IST">
  <testcase classname="com.Tests.NewTest" name="test3" time="0.012"/>
  <testcase classname="com.Tests.NewTest2" name="test4" time="0.002"/>
  <testcase classname="com.Tests.NewTest2" name="test5" time="0.002"/>
  <testcase classname="com.Tests.NewTest" name="test1" time="0.0">
    <ignored/>
  </testcase> <!-- test1 -->
  <testcase classname="com.Tests.NewTest" name="test2" time="0.0">
    <ignored/>
  </testcase> <!-- test2 -->
  <testcase classname="com.Tests.NewTest2" name="test6" time="0.0">
    <ignored/>
  </testcase> <!-- test6 -->
</testsuite> <!-- GroupsNewTest -->
