<?xml version="1.0" encoding="UTF-8"?>
<!-- Generated by org.testng.reporters.JUnitXMLReporter -->
<testsuite ignored="3" hostname="DESKTOP-HOFS7QA" failures="0" tests="0" time="0.001" errors="0" timestamp="2023-10-28T13:45:09 IST">
  <testcase classname="com.Tests.NewTest2" name="test5" time="0.0">
    <ignored/>
  </testcase> <!-- test5 -->
  <testcase classname="com.Tests.NewTest2" name="test6" time="0.0">
    <ignored/>
  </testcase> <!-- test6 -->
  <testcase classname="com.Tests.NewTest2" name="test4" time="0.0">
    <ignored/>
  </testcase> <!-- test4 -->
</testsuite>
